-------------------------------------------------------------------------------
Test set: dedal.tests.DedalDiagramTest
-------------------------------------------------------------------------------
Tests run: 1, Failures: 0, Errors: 1, Skipped: 0, Time elapsed: 0.001 s <<< FAILURE! - in dedal.tests.DedalDiagramTest
initializationError(dedal.tests.DedalDiagramTest)  Time elapsed: 0 s  <<< ERROR!
java.lang.NoClassDefFoundError: dedal/DedalDiagram
Caused by: java.lang.ClassNotFoundException: dedal.DedalDiagram cannot be found by fr.ema.dedal.metamodel.tests_1.0.0.qualifier

