-------------------------------------------------------------------------------
Test set: dedal.tests.SignatureTest
-------------------------------------------------------------------------------
Tests run: 1, Failures: 0, Errors: 1, Skipped: 0, Time elapsed: 0.001 s <<< FAILURE! - in dedal.tests.SignatureTest
initializationError(dedal.tests.SignatureTest)  Time elapsed: 0 s  <<< ERROR!
java.lang.NoClassDefFoundError: dedal/Signature
Caused by: java.lang.ClassNotFoundException: dedal.Signature cannot be found by fr.ema.dedal.metamodel.tests_1.0.0.qualifier

