-------------------------------------------------------------------------------
Test set: dedal.tests.AssemblyTest
-------------------------------------------------------------------------------
Tests run: 1, Failures: 0, Errors: 1, Skipped: 0, Time elapsed: 0.015 s <<< FAILURE! - in dedal.tests.AssemblyTest
initializationError(dedal.tests.AssemblyTest)  Time elapsed: 0.002 s  <<< ERROR!
java.lang.NoClassDefFoundError: dedal/ArchitectureDescription
Caused by: java.lang.ClassNotFoundException: dedal.ArchitectureDescription cannot be found by fr.ema.dedal.metamodel.tests_1.0.0.qualifier

