-------------------------------------------------------------------------------
Test set: dedal.tests.InterfaceTypeTest
-------------------------------------------------------------------------------
Tests run: 1, Failures: 0, Errors: 1, Skipped: 0, Time elapsed: 0.001 s <<< FAILURE! - in dedal.tests.InterfaceTypeTest
initializationError(dedal.tests.InterfaceTypeTest)  Time elapsed: 0 s  <<< ERROR!
java.lang.NoClassDefFoundError: dedal/InterfaceType
Caused by: java.lang.ClassNotFoundException: dedal.InterfaceType cannot be found by fr.ema.dedal.metamodel.tests_1.0.0.qualifier

