-------------------------------------------------------------------------------
Test set: dedal.tests.ParameterTest
-------------------------------------------------------------------------------
Tests run: 1, Failures: 0, Errors: 1, Skipped: 0, Time elapsed: 0.002 s <<< FAILURE! - in dedal.tests.ParameterTest
initializationError(dedal.tests.ParameterTest)  Time elapsed: 0 s  <<< ERROR!
java.lang.NoClassDefFoundError: dedal/Parameter
Caused by: java.lang.ClassNotFoundException: dedal.Parameter cannot be found by fr.ema.dedal.metamodel.tests_1.0.0.qualifier

