-------------------------------------------------------------------------------
Test set: dedal.tests.CompInstanceTest
-------------------------------------------------------------------------------
Tests run: 1, Failures: 0, Errors: 1, Skipped: 0, Time elapsed: 0.001 s <<< FAILURE! - in dedal.tests.CompInstanceTest
initializationError(dedal.tests.CompInstanceTest)  Time elapsed: 0 s  <<< ERROR!
java.lang.NoClassDefFoundError: dedal/Component
Caused by: java.lang.ClassNotFoundException: dedal.Component cannot be found by fr.ema.dedal.metamodel.tests_1.0.0.qualifier

