-------------------------------------------------------------------------------
Test set: dedal.tests.AttributeTest
-------------------------------------------------------------------------------
Tests run: 1, Failures: 0, Errors: 1, Skipped: 0, Time elapsed: 0.007 s <<< FAILURE! - in dedal.tests.AttributeTest
initializationError(dedal.tests.AttributeTest)  Time elapsed: 0 s  <<< ERROR!
java.lang.NoClassDefFoundError: dedal/Attribute
Caused by: java.lang.ClassNotFoundException: dedal.Attribute cannot be found by fr.ema.dedal.metamodel.tests_1.0.0.qualifier

