-------------------------------------------------------------------------------
Test set: dedal.tests.ClassConnectionTest
-------------------------------------------------------------------------------
Tests run: 1, Failures: 0, Errors: 1, Skipped: 0, Time elapsed: 0.001 s <<< FAILURE! - in dedal.tests.ClassConnectionTest
initializationError(dedal.tests.ClassConnectionTest)  Time elapsed: 0 s  <<< ERROR!
java.lang.NoClassDefFoundError: dedal/Connection
Caused by: java.lang.ClassNotFoundException: dedal.Connection cannot be found by fr.ema.dedal.metamodel.tests_1.0.0.qualifier

