<?xml version="1.0" encoding="UTF-8"?>
<testsuite xmlns:xsi="http://www.w3.org/2001/XMLSchema-instance" xsi:noNamespaceSchemaLocation="https://maven.apache.org/surefire/maven-surefire-plugin/xsd/surefire-test-report.xsd" name="dedal.tests.SignatureTest" time="0.001" tests="1" errors="1" skipped="0" failures="0">
  <properties>
[...]
</properties>
  <testcase name="initializationError" classname="dedal.tests.SignatureTest" time="0">
    <error message="dedal/Signature" type="java.lang.NoClassDefFoundError">java.lang.NoClassDefFoundError: dedal/Signature
Caused by: java.lang.ClassNotFoundException: dedal.Signature cannot be found by fr.ema.dedal.metamodel.tests_1.0.0.qualifier
</error>
  </testcase>
</testsuite>